<?xml version="1.0" encoding="UTF-8" ?>
<testsuite tests="1" failures="0" name="com.luv2code.springsecurity.demo.AppTest" time="0.003" errors="0" skipped="0">
  <properties>
    <property name="java.runtime.name" value="OpenJDK Runtime Environment"/>
    <property name="java.vm.version" value="11.0.1+13"/>
    <property name="sun.boot.library.path" value="/Library/Java/JavaVirtualMachines/jdk-11/Contents/Home/lib"/>
    <property name="gopherProxySet" value="false"/>
    <property name="maven.multiModuleProjectDirectory" value="/Users/andreikudrin/Documents/GitHub/spring-demo-one/SpringSecurity/spring-security-demo-01-base-app"/>
    <property name="java.vm.vendor" value="AdoptOpenJDK"/>
    <property name="java.vendor.url" value="https://adoptopenjdk.net/"/>
    <property name="java.rmi.server.randomIDs" value="true"/>
    <property name="guice.disable.misplaced.annotation.check" value="true"/>
    <property name="path.separator" value=":"/>
    <property name="java.vm.name" value="OpenJDK 64-Bit Server VM"/>
    <property name="sun.os.patch.level" value="unknown"/>
    <property name="user.country" value="GB"/>
    <property name="sun.java.launcher" value="SUN_STANDARD"/>
    <property name="java.vm.specification.name" value="Java Virtual Machine Specification"/>
    <property name="user.dir" value="/Users/andreikudrin/Documents/GitHub/spring-demo-one/SpringSecurity/spring-security-demo-01-base-app"/>
    <property name="java.vm.compressedOopsMode" value="Zero based"/>
    <property name="java.runtime.version" value="11.0.1+13"/>
    <property name="java.awt.graphicsenv" value="sun.awt.CGraphicsEnvironment"/>
    <property name="os.arch" value="x86_64"/>
    <property name="java.io.tmpdir" value="/var/folders/n6/0ttv7yf14d7f6szchr2t_2z40000gn/T/"/>
    <property name="line.separator" value="
"/>
    <property name="java.vm.specification.vendor" value="Oracle Corporation"/>
    <property name="os.name" value="Mac OS X"/>
    <property name="classworlds.conf" value="/Users/andreikudrin/Documents/workspace-spring-tool-suite-4-4.2.1.RELEASE/.metadata/.plugins/org.eclipse.m2e.launching/launches/m2conf12877180601284382996.tmp"/>
    <property name="jansi.force" value="true"/>
    <property name="sun.jnu.encoding" value="UTF-8"/>
    <property name="java.library.path" value="/Users/andreikudrin/Library/Java/Extensions:/Library/Java/Extensions:/Network/Library/Java/Extensions:/System/Library/Java/Extensions:/usr/lib/java:."/>
    <property name="jdk.debug" value="release"/>
    <property name="java.class.version" value="55.0"/>
    <property name="java.specification.name" value="Java Platform API Specification"/>
    <property name="sun.management.compiler" value="HotSpot 64-Bit Tiered Compilers"/>
    <property name="os.version" value="10.14.4"/>
    <property name="http.nonProxyHosts" value="local|*.local|169.254/16|*.169.254/16|192.168.9.1"/>
    <property name="user.home" value="/Users/andreikudrin"/>
    <property name="user.timezone" value="Europe/London"/>
    <property name="java.awt.printerjob" value="sun.lwawt.macosx.CPrinterJob"/>
    <property name="file.encoding" value="UTF-8"/>
    <property name="java.specification.version" value="11"/>
    <property name="user.name" value="andreikudrin"/>
    <property name="java.class.path" value="/Applications/SpringToolSuite4.app/Contents/Eclipse/plugins/org.eclipse.m2e.maven.runtime_1.11.0.20190220-2117/jars/plexus-classworlds-2.5.2.jar"/>
    <property name="java.vm.specification.version" value="11"/>
    <property name="sun.arch.data.model" value="64"/>
    <property name="sun.java.command" value="org.codehaus.plexus.classworlds.launcher.Launcher -B clean install -Dstyle.color=always"/>
    <property name="java.home" value="/Library/Java/JavaVirtualMachines/jdk-11/Contents/Home"/>
    <property name="user.language" value="en"/>
    <property name="java.specification.vendor" value="Oracle Corporation"/>
    <property name="awt.toolkit" value="sun.lwawt.macosx.LWCToolkit"/>
    <property name="java.vm.info" value="mixed mode"/>
    <property name="java.version" value="11.0.1"/>
    <property name="java.vendor" value="AdoptOpenJDK"/>
    <property name="maven.home" value="/Users/andreikudrin/Documents/GitHub/spring-demo-one/SpringSecurity/spring-security-demo-01-base-app/EMBEDDED"/>
    <property name="style.color" value="always"/>
    <property name="file.separator" value="/"/>
    <property name="java.version.date" value="2018-10-16"/>
    <property name="java.vendor.url.bug" value="http://bugreport.java.com/bugreport/"/>
    <property name="sun.io.unicode.encoding" value="UnicodeBig"/>
    <property name="sun.cpu.endian" value="little"/>
    <property name="java.vendor.version" value="AdoptOpenJDK"/>
    <property name="socksNonProxyHosts" value="local|*.local|169.254/16|*.169.254/16|192.168.9.1"/>
    <property name="ftp.nonProxyHosts" value="local|*.local|169.254/16|*.169.254/16|192.168.9.1"/>
    <property name="sun.cpu.isalist" value=""/>
  </properties>
  <testcase classname="com.luv2code.springsecurity.demo.AppTest" name="testApp" time="0.003"/>
</testsuite>